<?xml version="1.0" encoding="UTF-8"?>
<!-- Generated by org.testng.reporters.JUnitReportReporter -->
<testsuite hostname="Vamshi-Delli7" failures="0" tests="1" name="testCases.TC_001_AccountRegistrationTest" time="2.753" errors="0" timestamp="2023-12-27T00:50:01 PST" skipped="0">
  <testcase classname="testCases.TC_001_AccountRegistrationTest" name="test_account_Registration" time="2.753"/>
</testsuite> <!-- testCases.TC_001_AccountRegistrationTest -->
