<?xml version="1.0" encoding="UTF-8"?>
<!-- Generated by org.testng.reporters.JUnitReportReporter -->
<testsuite hostname="Vamshi-Delli7" failures="0" tests="1" name="testCases.TC_002_LoginTest" time="10.876" errors="0" timestamp="2023-12-27T00:50:01 PST" skipped="0">
  <testcase classname="testCases.TC_002_LoginTest" name="test_login" time="10.876"/>
</testsuite> <!-- testCases.TC_002_LoginTest -->
