<?xml version="1.0" encoding="UTF-8"?>
<!-- Generated by org.testng.reporters.JUnitReportReporter -->
<testsuite hostname="Vamshi-Delli7" failures="0" tests="5" name="testCases.TC_003_LoginDDT" time="53.931" errors="0" timestamp="2023-12-27T00:17:47 PST" skipped="0">
  <testcase classname="testCases.TC_003_LoginDDT" name="test_loginDDT" time="10.668"/>
  <testcase classname="testCases.TC_003_LoginDDT" name="test_loginDDT" time="10.639"/>
  <testcase classname="testCases.TC_003_LoginDDT" name="test_loginDDT" time="10.976"/>
  <testcase classname="testCases.TC_003_LoginDDT" name="test_loginDDT" time="11.024"/>
  <testcase classname="testCases.TC_003_LoginDDT" name="test_loginDDT" time="10.624"/>
</testsuite> <!-- testCases.TC_003_LoginDDT -->
