<?xml version="1.0" encoding="UTF-8"?>
<!-- Generated by org.testng.reporters.JUnitReportReporter -->
<testsuite hostname="Vamshi-Delli7" failures="0" tests="5" name="testCases.TC_003_LoginDDT" time="54.090" errors="0" timestamp="2023-12-27T17:17:04 PST" skipped="0">
  <testcase classname="testCases.TC_003_LoginDDT" name="test_loginDDT" time="10.921"/>
  <testcase classname="testCases.TC_003_LoginDDT" name="test_loginDDT" time="11.085"/>
  <testcase classname="testCases.TC_003_LoginDDT" name="test_loginDDT" time="10.702"/>
  <testcase classname="testCases.TC_003_LoginDDT" name="test_loginDDT" time="10.658"/>
  <testcase classname="testCases.TC_003_LoginDDT" name="test_loginDDT" time="10.724"/>
</testsuite> <!-- testCases.TC_003_LoginDDT -->
